Drill Listing
=============
Drill: .00787  Tool: 1  Feed: 0  Speed: 0
X 59055  Y 43897
X 60433  Y 58267
X 39370  Y 60039
X 51181  Y 60039
X 85236  Y 61417
X 68897  Y 61023
X 71850  Y 53149
X 67913  Y 53149
X 75787  Y 53149
X 79724  Y 53149
X 83661  Y 53149
X 83661  Y 49212
X 67913  Y 49212
X 79724  Y 49212
X 75787  Y 49212
X 71850  Y 49212
X 83661  Y 45275
X 79724  Y 45275
X 67913  Y 45275
X 75787  Y 45275
X 71850  Y 45275
X 71850  Y 41338
X 79724  Y 41338
X 83661  Y 41338
X 75787  Y 41338
X 67913  Y 41338
X 71850  Y 37401
X 67913  Y 37401
X 75787  Y 37401
X 83661  Y 37401
X 79724  Y 37401
X 85039  Y 36023
X 76181  Y 28543
X 64566  Y 26574
X 75393  Y 9842
X 72834  Y 3543
X 94488  Y 48031
X 106299  Y 52165
X 106299  Y 57480
X 109448  Y 64173
X 105511  Y 64173
X 119291  Y 78740
X 114173  Y 62992
X 135433  Y 61811
X 114173  Y 56102
X 117125  Y 56102
X 120078  Y 56102
X 120078  Y 53149
X 114173  Y 53149
X 117125  Y 53149
X 120078  Y 50196
X 117125  Y 50196
X 114173  Y 50196
X 127952  Y 37401
X 131889  Y 37401
X 141732  Y 37401
X 157480  Y 46259
X 161417  Y 46259
X 159448  Y 48228
X 154527  Y 48228
X 157480  Y 50196
X 161417  Y 50196
X 159448  Y 52165
X 157480  Y 54133
X 161417  Y 54133
X 159448  Y 56102
X 157480  Y 58070
X 161417  Y 58070
X 144881  Y 58464
X 138976  Y 61023
X 143307  Y 61023
X 144881  Y 63582
X 144881  Y 68503
X 146062  Y 71653
X 140944  Y 75393
X 138188  Y 76968
X 165354  Y 58070
X 163385  Y 56102
X 165354  Y 54133
X 163385  Y 52165
X 165354  Y 50196
X 163385  Y 48228
X 165354  Y 46259
X 177362  Y 45669
X 178149  Y 40354
X 192913  Y 53149
X 189960  Y 55118

Drill: .01378  Tool: 2  Feed: 95  Speed: 300
X 13779  Y 8858
X 59055  Y 25590
X 39763  Y 28543
X 39763  Y 36417
X 39763  Y 40354
X 39370  Y 52165
X 50590  Y 53543
X 47244  Y 57086
X 38385  Y 69881
X 60039  Y 71850
X 52728  Y 83661
X 19685  Y 85629
X 78740  Y 81102
X 70866  Y 26574
X 70275  Y 22637
X 80708  Y 14763
X 76771  Y 14763
X 72834  Y 14763
X 89566  Y 14763
X 111220  Y 28937
X 89370  Y 32480
X 109251  Y 44881
X 106102  Y 48622
X 99409  Y 56102
X 91929  Y 63976
X 101377  Y 63976
X 90551  Y 82283
X 133070  Y 81889
X 125590  Y 62992
X 128937  Y 47244
X 129527  Y 43307
X 115157  Y 29133
X 124015  Y 25590
X 112204  Y 23622
X 146653  Y 26574
X 154527  Y 35433
X 154527  Y 39370
X 154527  Y 43307
X 140748  Y 54133
X 137795  Y 64960
X 152559  Y 79527
X 172244  Y 83661
X 167322  Y 75787
X 178740  Y 72834
X 178740  Y 55118
X 173228  Y 33464
X 169291  Y 17716
X 174015  Y 9842
X 174015  Y 5905
X 169291  Y 5905
X 195866  Y 7874
X 195866  Y 23622
X 187992  Y 37401
X 187992  Y 41338
X 198818  Y 48425
X 187992  Y 61220
X 188976  Y 71850
X 220866  Y 48425
X 217322  Y 43307
X 213582  Y 5905

Drill: .03937  Tool: 3  Feed: 197  Speed: 550
X 99409  Y 36102
X 144685  Y 83661
X 189960  Y 83661
X 219409  Y 5669
X 229409  Y 5669
X 229409  Y 15669
X 219409  Y 15669
X 229409  Y 25669
X 219409  Y 25669
X 229409  Y 35669
X 219409  Y 35669

Drill: .04  Tool: 4  Feed: 139  Speed: 550
X 32480  Y 9842
X 42480  Y 9842
X 52480  Y 9842
X 62480  Y 9842

Drill: .04331  Tool: 5  Feed: 139  Speed: 550
X 12204  Y 20275
X 12204  Y 30275
X 12204  Y 40275
X 12204  Y 50275
X 12204  Y 60275
X 12204  Y 70275

Drill: .04724  Tool: 6  Feed: 139  Speed: 550
X 29527  Y 30511
X 29527  Y 40354
X 29527  Y 50196
X 29527  Y 60039
X 244094  Y 80334
X 244094  Y 65334
X 263779  Y 65334
X 263779  Y 80334

Drill: .1063  Tool: 7  Feed: 69  Speed: 658
X 23622  Y 18700
X 23622  Y 71850

End of Listing
